This is pdfTeX, Version 3.14159265-2.6-1.40.18 (TeX Live 2017) (preloaded format=pdflatex 2017.5.23)  1 DEC 2017 20:39
entering extended mode
 restricted \write18 enabled.
 file:line:error style messages enabled.
 %&-line parsing enabled.
**solution.tex
(./solution.tex
LaTeX2e <2017-04-15>
Babel <3.10> and hyphenation patterns for 84 language(s) loaded.
(/usr/local/texlive/2017/texmf-dist/tex/latex/base/article.cls
Document Class: article 2014/09/29 v1.4h Standard LaTeX document class
(/usr/local/texlive/2017/texmf-dist/tex/latex/base/size10.clo
File: size10.clo 2014/09/29 v1.4h Standard LaTeX file (size option)
)
\c@part=\count79
\c@section=\count80
\c@subsection=\count81
\c@subsubsection=\count82
\c@paragraph=\count83
\c@subparagraph=\count84
\c@figure=\count85
\c@table=\count86
\abovecaptionskip=\skip41
\belowcaptionskip=\skip42
\bibindent=\dimen102
)
(/usr/local/texlive/2017/texmf-dist/tex/latex/psnfss/times.sty
Package: times 2005/04/12 PSNFSS-v9.2a (SPQR) 
)
(/usr/local/texlive/2017/texmf-dist/tex/latex/base/fontenc.sty
Package: fontenc 2017/04/05 v2.0i Standard LaTeX package

(/usr/local/texlive/2017/texmf-dist/tex/latex/base/t1enc.def
File: t1enc.def 2017/04/05 v2.0i Standard LaTeX file
LaTeX Font Info:    Redeclaring font encoding T1 on input line 48.
))
(/usr/local/texlive/2017/texmf-dist/tex/latex/geometry/geometry.sty
Package: geometry 2010/09/12 v5.6 Page Geometry

(/usr/local/texlive/2017/texmf-dist/tex/latex/graphics/keyval.sty
Package: keyval 2014/10/28 v1.15 key=value parser (DPC)
\KV@toks@=\toks14
)
(/usr/local/texlive/2017/texmf-dist/tex/generic/oberdiek/ifpdf.sty
Package: ifpdf 2017/03/15 v3.2 Provides the ifpdf switch
)
(/usr/local/texlive/2017/texmf-dist/tex/generic/oberdiek/ifvtex.sty
Package: ifvtex 2016/05/16 v1.6 Detect VTeX and its facilities (HO)
Package ifvtex Info: VTeX not detected.
)
(/usr/local/texlive/2017/texmf-dist/tex/generic/ifxetex/ifxetex.sty
Package: ifxetex 2010/09/12 v0.6 Provides ifxetex conditional
)
\Gm@cnth=\count87
\Gm@cntv=\count88
\c@Gm@tempcnt=\count89
\Gm@bindingoffset=\dimen103
\Gm@wd@mp=\dimen104
\Gm@odd@mp=\dimen105
\Gm@even@mp=\dimen106
\Gm@layoutwidth=\dimen107
\Gm@layoutheight=\dimen108
\Gm@layouthoffset=\dimen109
\Gm@layoutvoffset=\dimen110
\Gm@dimlist=\toks15
)
(/usr/local/texlive/2017/texmf-dist/tex/latex/fancyhdr/fancyhdr.sty
Package: fancyhdr 2016/09/06 3.8 Extensive control of page headers and footers
\fancy@headwidth=\skip43
\f@ncyO@elh=\skip44
\f@ncyO@erh=\skip45
\f@ncyO@olh=\skip46
\f@ncyO@orh=\skip47
\f@ncyO@elf=\skip48
\f@ncyO@erf=\skip49
\f@ncyO@olf=\skip50
\f@ncyO@orf=\skip51
)
(/usr/local/texlive/2017/texmf-dist/tex/latex/amsmath/amsmath.sty
Package: amsmath 2016/11/05 v2.16a AMS math features
\@mathmargin=\skip52

For additional information on amsmath, use the `?' option.
(/usr/local/texlive/2017/texmf-dist/tex/latex/amsmath/amstext.sty
Package: amstext 2000/06/29 v2.01 AMS text

(/usr/local/texlive/2017/texmf-dist/tex/latex/amsmath/amsgen.sty
File: amsgen.sty 1999/11/30 v2.0 generic functions
\@emptytoks=\toks16
\ex@=\dimen111
))
(/usr/local/texlive/2017/texmf-dist/tex/latex/amsmath/amsbsy.sty
Package: amsbsy 1999/11/29 v1.2d Bold Symbols
\pmbraise@=\dimen112
)
(/usr/local/texlive/2017/texmf-dist/tex/latex/amsmath/amsopn.sty
Package: amsopn 2016/03/08 v2.02 operator names
)
\inf@bad=\count90
LaTeX Info: Redefining \frac on input line 213.
\uproot@=\count91
\leftroot@=\count92
LaTeX Info: Redefining \overline on input line 375.
\classnum@=\count93
\DOTSCASE@=\count94
LaTeX Info: Redefining \ldots on input line 472.
LaTeX Info: Redefining \dots on input line 475.
LaTeX Info: Redefining \cdots on input line 596.
\Mathstrutbox@=\box26
\strutbox@=\box27
\big@size=\dimen113
LaTeX Font Info:    Redeclaring font encoding OML on input line 712.
LaTeX Font Info:    Redeclaring font encoding OMS on input line 713.
\macc@depth=\count95
\c@MaxMatrixCols=\count96
\dotsspace@=\muskip10
\c@parentequation=\count97
\dspbrk@lvl=\count98
\tag@help=\toks17
\row@=\count99
\column@=\count100
\maxfields@=\count101
\andhelp@=\toks18
\eqnshift@=\dimen114
\alignsep@=\dimen115
\tagshift@=\dimen116
\tagwidth@=\dimen117
\totwidth@=\dimen118
\lineht@=\dimen119
\@envbody=\toks19
\multlinegap=\skip53
\multlinetaggap=\skip54
\mathdisplay@stack=\toks20
LaTeX Info: Redefining \[ on input line 2817.
LaTeX Info: Redefining \] on input line 2818.
)
(/usr/local/texlive/2017/texmf-dist/tex/latex/graphics/graphicx.sty
Package: graphicx 2014/10/28 v1.0g Enhanced LaTeX Graphics (DPC,SPQR)

(/usr/local/texlive/2017/texmf-dist/tex/latex/graphics/graphics.sty
Package: graphics 2017/04/14 v1.1b Standard LaTeX Graphics (DPC,SPQR)

(/usr/local/texlive/2017/texmf-dist/tex/latex/graphics/trig.sty
Package: trig 2016/01/03 v1.10 sin cos tan (DPC)
)
(/usr/local/texlive/2017/texmf-dist/tex/latex/graphics-cfg/graphics.cfg
File: graphics.cfg 2016/06/04 v1.11 sample graphics configuration
)
Package graphics Info: Driver file: pdftex.def on input line 99.

(/usr/local/texlive/2017/texmf-dist/tex/latex/graphics-def/pdftex.def
File: pdftex.def 2017/01/12 v0.06k Graphics/color for pdfTeX

(/usr/local/texlive/2017/texmf-dist/tex/generic/oberdiek/infwarerr.sty
Package: infwarerr 2016/05/16 v1.4 Providing info/warning/error messages (HO)
)
(/usr/local/texlive/2017/texmf-dist/tex/generic/oberdiek/ltxcmds.sty
Package: ltxcmds 2016/05/16 v1.23 LaTeX kernel commands for general use (HO)
)
\Gread@gobject=\count102
))
\Gin@req@height=\dimen120
\Gin@req@width=\dimen121
)
(./solution.aux)
\openout1 = `solution.aux'.

LaTeX Font Info:    Checking defaults for OML/cmm/m/it on input line 29.
LaTeX Font Info:    ... okay on input line 29.
LaTeX Font Info:    Checking defaults for T1/cmr/m/n on input line 29.
LaTeX Font Info:    ... okay on input line 29.
LaTeX Font Info:    Checking defaults for OT1/cmr/m/n on input line 29.
LaTeX Font Info:    ... okay on input line 29.
LaTeX Font Info:    Checking defaults for OMS/cmsy/m/n on input line 29.
LaTeX Font Info:    ... okay on input line 29.
LaTeX Font Info:    Checking defaults for OMX/cmex/m/n on input line 29.
LaTeX Font Info:    ... okay on input line 29.
LaTeX Font Info:    Checking defaults for U/cmr/m/n on input line 29.
LaTeX Font Info:    ... okay on input line 29.
LaTeX Font Info:    Try loading font information for T1+ptm on input line 29.
 (/usr/local/texlive/2017/texmf-dist/tex/latex/psnfss/t1ptm.fd
File: t1ptm.fd 2001/06/04 font definitions for T1/ptm.
)
*geometry* driver: auto-detecting
*geometry* detected driver: pdftex
*geometry* verbose mode - [ preamble ] result:
* driver: pdftex
* paper: <default>
* layout: <same size as paper>
* layoutoffset:(h,v)=(0.0pt,0.0pt)
* modes: 
* h-part:(L,W,R)=(50.58878pt, 513.11745pt, 50.58878pt)
* v-part:(T,H,B)=(72.26999pt, 672.11122pt, 50.58878pt)
* \paperwidth=614.295pt
* \paperheight=794.96999pt
* \textwidth=513.11745pt
* \textheight=672.11122pt
* \oddsidemargin=-21.68121pt
* \evensidemargin=-21.68121pt
* \topmargin=-37.0pt
* \headheight=12.0pt
* \headsep=25.0pt
* \topskip=10.0pt
* \footskip=30.0pt
* \marginparwidth=65.0pt
* \marginparsep=11.0pt
* \columnsep=10.0pt
* \skip\footins=9.0pt plus 4.0pt minus 2.0pt
* \hoffset=0.0pt
* \voffset=0.0pt
* \mag=1000
* \@twocolumnfalse
* \@twosidefalse
* \@mparswitchfalse
* \@reversemarginfalse
* (1in=72.27pt=25.4mm, 1cm=28.453pt)

(/usr/local/texlive/2017/texmf-dist/tex/context/base/mkii/supp-pdf.mkii
[Loading MPS to PDF converter (version 2006.09.02).]
\scratchcounter=\count103
\scratchdimen=\dimen122
\scratchbox=\box28
\nofMPsegments=\count104
\nofMParguments=\count105
\everyMPshowfont=\toks21
\MPscratchCnt=\count106
\MPscratchDim=\dimen123
\MPnumerator=\count107
\makeMPintoPDFobject=\count108
\everyMPtoPDFconversion=\toks22
) (/usr/local/texlive/2017/texmf-dist/tex/generic/oberdiek/pdftexcmds.sty
Package: pdftexcmds 2017/03/19 v0.25 Utility functions of pdfTeX for LuaTeX (HO
)

(/usr/local/texlive/2017/texmf-dist/tex/generic/oberdiek/ifluatex.sty
Package: ifluatex 2016/05/16 v1.4 Provides the ifluatex switch (HO)
Package ifluatex Info: LuaTeX not detected.
)
Package pdftexcmds Info: LuaTeX not detected.
Package pdftexcmds Info: \pdf@primitive is available.
Package pdftexcmds Info: \pdf@ifprimitive is available.
Package pdftexcmds Info: \pdfdraftmode found.
)
(/usr/local/texlive/2017/texmf-dist/tex/latex/oberdiek/epstopdf-base.sty
Package: epstopdf-base 2016/05/15 v2.6 Base part for package epstopdf

(/usr/local/texlive/2017/texmf-dist/tex/latex/oberdiek/grfext.sty
Package: grfext 2016/05/16 v1.2 Manage graphics extensions (HO)

(/usr/local/texlive/2017/texmf-dist/tex/generic/oberdiek/kvdefinekeys.sty
Package: kvdefinekeys 2016/05/16 v1.4 Define keys (HO)
))
(/usr/local/texlive/2017/texmf-dist/tex/latex/oberdiek/kvoptions.sty
Package: kvoptions 2016/05/16 v3.12 Key value format for package options (HO)

(/usr/local/texlive/2017/texmf-dist/tex/generic/oberdiek/kvsetkeys.sty
Package: kvsetkeys 2016/05/16 v1.17 Key value parser (HO)

(/usr/local/texlive/2017/texmf-dist/tex/generic/oberdiek/etexcmds.sty
Package: etexcmds 2016/05/16 v1.6 Avoid name clashes with e-TeX commands (HO)
Package etexcmds Info: Could not find \expanded.
(etexcmds)             That can mean that you are not using pdfTeX 1.50 or
(etexcmds)             that some package has redefined \expanded.
(etexcmds)             In the latter case, load this package earlier.
)))
Package epstopdf-base Info: Redefining graphics rule for `.eps' on input line 4
38.
Package grfext Info: Graphics extension search list:
(grfext)             [.png,.pdf,.jpg,.mps,.jpeg,.jbig2,.jb2,.PNG,.PDF,.JPG,.JPE
G,.JBIG2,.JB2,.eps]
(grfext)             \AppendGraphicsExtensions on input line 456.

(/usr/local/texlive/2017/texmf-dist/tex/latex/latexconfig/epstopdf-sys.cfg
File: epstopdf-sys.cfg 2010/07/13 v1.3 Configuration of (r)epstopdf for TeX Liv
e
))
LaTeX Font Info:    Font shape `T1/ptm/bx/n' in size <12> not available
(Font)              Font shape `T1/ptm/b/n' tried instead on input line 33.
LaTeX Font Info:    Font shape `T1/ptm/bx/n' in size <10> not available
(Font)              Font shape `T1/ptm/b/n' tried instead on input line 36.

<code/outputs/prob1a_25_centers.jpg, id=1, 250.9375pt x 250.9375pt>
File: code/outputs/prob1a_25_centers.jpg Graphic file (type jpg)

<use code/outputs/prob1a_25_centers.jpg>
Package pdftex.def Info: code/outputs/prob1a_25_centers.jpg used on input line 
39.
(pdftex.def)             Requested size: 150.00844pt x 150.0pt.

<code/outputs/prob1a_49_centers.jpg, id=2, 250.9375pt x 250.9375pt>
File: code/outputs/prob1a_49_centers.jpg Graphic file (type jpg)

<use code/outputs/prob1a_49_centers.jpg>
Package pdftex.def Info: code/outputs/prob1a_49_centers.jpg used on input line 
40.
(pdftex.def)             Requested size: 150.00844pt x 150.0pt.

<code/outputs/prob1a_64_centers.jpg, id=3, 250.9375pt x 250.9375pt>
File: code/outputs/prob1a_64_centers.jpg Graphic file (type jpg)

<use code/outputs/prob1a_64_centers.jpg>
Package pdftex.def Info: code/outputs/prob1a_64_centers.jpg used on input line 
41.
(pdftex.def)             Requested size: 150.00844pt x 150.0pt.

<code/outputs/prob1a_81_centers.jpg, id=4, 250.9375pt x 250.9375pt>
File: code/outputs/prob1a_81_centers.jpg Graphic file (type jpg)

<use code/outputs/prob1a_81_centers.jpg>
Package pdftex.def Info: code/outputs/prob1a_81_centers.jpg used on input line 
42.
(pdftex.def)             Requested size: 150.00844pt x 150.0pt.

<code/outputs/prob1a_100_centers.jpg, id=5, 250.9375pt x 250.9375pt>
File: code/outputs/prob1a_100_centers.jpg Graphic file (type jpg)

<use code/outputs/prob1a_100_centers.jpg>
Package pdftex.def Info: code/outputs/prob1a_100_centers.jpg used on input line
 43.
(pdftex.def)             Requested size: 150.00844pt x 150.0pt.
 [1{/usr/local/texlive/2017/texmf-var/fonts/map/pdftex/updmap/pdftex.map}


 <./code/outputs/prob1a_25_centers.jpg> <./code/outputs/prob1a_49_centers.jpg> 
<./code/outputs/prob1a_64_centers.jpg> <./code/outputs/prob1a_81_centers.jpg> <
./code/outputs/prob1a_100_centers.jpg>]
<code/outputs/prob1b_spatial_weight_0.7/prob1b_25.jpg, id=13, 250.9375pt x 250.
9375pt>
File: code/outputs/prob1b_spatial_weight_0.7/prob1b_25.jpg Graphic file (type j
pg)
 <use code/outputs/prob1b_spatial_weight_0.7/prob1b_25.jpg>
Package pdftex.def Info: code/outputs/prob1b_spatial_weight_0.7/prob1b_25.jpg u
sed on input line 52.
(pdftex.def)             Requested size: 150.00844pt x 150.0pt.

<code/outputs/prob1b_spatial_weight_0.7/prob1b_49.jpg, id=14, 250.9375pt x 250.
9375pt>
File: code/outputs/prob1b_spatial_weight_0.7/prob1b_49.jpg Graphic file (type j
pg)
 <use code/outputs/prob1b_spatial_weight_0.7/prob1b_49.jpg>
Package pdftex.def Info: code/outputs/prob1b_spatial_weight_0.7/prob1b_49.jpg u
sed on input line 53.
(pdftex.def)             Requested size: 150.00844pt x 150.0pt.

<code/outputs/prob1b_spatial_weight_0.7/prob1b_64.jpg, id=15, 250.9375pt x 250.
9375pt>
File: code/outputs/prob1b_spatial_weight_0.7/prob1b_64.jpg Graphic file (type j
pg)
 <use code/outputs/prob1b_spatial_weight_0.7/prob1b_64.jpg>
Package pdftex.def Info: code/outputs/prob1b_spatial_weight_0.7/prob1b_64.jpg u
sed on input line 54.
(pdftex.def)             Requested size: 150.00844pt x 150.0pt.

<code/outputs/prob1b_spatial_weight_0.7/prob1b_81.jpg, id=16, 250.9375pt x 250.
9375pt>
File: code/outputs/prob1b_spatial_weight_0.7/prob1b_81.jpg Graphic file (type j
pg)
 <use code/outputs/prob1b_spatial_weight_0.7/prob1b_81.jpg>
Package pdftex.def Info: code/outputs/prob1b_spatial_weight_0.7/prob1b_81.jpg u
sed on input line 55.
(pdftex.def)             Requested size: 150.00844pt x 150.0pt.

<code/outputs/prob1b_spatial_weight_0.7/prob1b_100.jpg, id=17, 250.9375pt x 250
.9375pt>
File: code/outputs/prob1b_spatial_weight_0.7/prob1b_100.jpg Graphic file (type 
jpg)
 <use code/outputs/prob1b_spatial_weight_0.7/prob1b_100.jpg>
Package pdftex.def Info: code/outputs/prob1b_spatial_weight_0.7/prob1b_100.jpg 
used on input line 56.
(pdftex.def)             Requested size: 150.00844pt x 150.0pt.

<code/outputs/prob1b_spatial_weight_1.0/prob1b_25.jpg, id=18, 250.9375pt x 250.
9375pt>
File: code/outputs/prob1b_spatial_weight_1.0/prob1b_25.jpg Graphic file (type j
pg)
 <use code/outputs/prob1b_spatial_weight_1.0/prob1b_25.jpg>
Package pdftex.def Info: code/outputs/prob1b_spatial_weight_1.0/prob1b_25.jpg u
sed on input line 64.
(pdftex.def)             Requested size: 150.00844pt x 150.0pt.

<code/outputs/prob1b_spatial_weight_1.0/prob1b_49.jpg, id=19, 250.9375pt x 250.
9375pt>
File: code/outputs/prob1b_spatial_weight_1.0/prob1b_49.jpg Graphic file (type j
pg)
 <use code/outputs/prob1b_spatial_weight_1.0/prob1b_49.jpg>
Package pdftex.def Info: code/outputs/prob1b_spatial_weight_1.0/prob1b_49.jpg u
sed on input line 65.
(pdftex.def)             Requested size: 150.00844pt x 150.0pt.

<code/outputs/prob1b_spatial_weight_1.0/prob1b_64.jpg, id=20, 250.9375pt x 250.
9375pt>
File: code/outputs/prob1b_spatial_weight_1.0/prob1b_64.jpg Graphic file (type j
pg)
 <use code/outputs/prob1b_spatial_weight_1.0/prob1b_64.jpg>
Package pdftex.def Info: code/outputs/prob1b_spatial_weight_1.0/prob1b_64.jpg u
sed on input line 66.
(pdftex.def)             Requested size: 150.00844pt x 150.0pt.

<code/outputs/prob1b_spatial_weight_1.0/prob1b_81.jpg, id=21, 250.9375pt x 250.
9375pt>
File: code/outputs/prob1b_spatial_weight_1.0/prob1b_81.jpg Graphic file (type j
pg)
 <use code/outputs/prob1b_spatial_weight_1.0/prob1b_81.jpg>
Package pdftex.def Info: code/outputs/prob1b_spatial_weight_1.0/prob1b_81.jpg u
sed on input line 67.
(pdftex.def)             Requested size: 150.00844pt x 150.0pt.

<code/outputs/prob1b_spatial_weight_1.0/prob1b_100.jpg, id=22, 250.9375pt x 250
.9375pt>
File: code/outputs/prob1b_spatial_weight_1.0/prob1b_100.jpg Graphic file (type 
jpg)
 <use code/outputs/prob1b_spatial_weight_1.0/prob1b_100.jpg>
Package pdftex.def Info: code/outputs/prob1b_spatial_weight_1.0/prob1b_100.jpg 
used on input line 68.
(pdftex.def)             Requested size: 150.00844pt x 150.0pt.


LaTeX Warning: `!h' float specifier changed to `!ht'.


<code/outputs/prob1b_spatial_weight_0.3/prob1b_25.jpg, id=23, 250.9375pt x 250.
9375pt>
File: code/outputs/prob1b_spatial_weight_0.3/prob1b_25.jpg Graphic file (type j
pg)
 <use code/outputs/prob1b_spatial_weight_0.3/prob1b_25.jpg>
Package pdftex.def Info: code/outputs/prob1b_spatial_weight_0.3/prob1b_25.jpg u
sed on input line 74.
(pdftex.def)             Requested size: 150.00844pt x 150.0pt.

<code/outputs/prob1b_spatial_weight_0.3/prob1b_49.jpg, id=24, 250.9375pt x 250.
9375pt>
File: code/outputs/prob1b_spatial_weight_0.3/prob1b_49.jpg Graphic file (type j
pg)
 <use code/outputs/prob1b_spatial_weight_0.3/prob1b_49.jpg>
Package pdftex.def Info: code/outputs/prob1b_spatial_weight_0.3/prob1b_49.jpg u
sed on input line 75.
(pdftex.def)             Requested size: 150.00844pt x 150.0pt.

<code/outputs/prob1b_spatial_weight_0.3/prob1b_64.jpg, id=25, 250.9375pt x 250.
9375pt>
File: code/outputs/prob1b_spatial_weight_0.3/prob1b_64.jpg Graphic file (type j
pg)
 <use code/outputs/prob1b_spatial_weight_0.3/prob1b_64.jpg>
Package pdftex.def Info: code/outputs/prob1b_spatial_weight_0.3/prob1b_64.jpg u
sed on input line 76.
(pdftex.def)             Requested size: 150.00844pt x 150.0pt.

<code/outputs/prob1b_spatial_weight_0.3/prob1b_81.jpg, id=26, 250.9375pt x 250.
9375pt>
File: code/outputs/prob1b_spatial_weight_0.3/prob1b_81.jpg Graphic file (type j
pg)
 <use code/outputs/prob1b_spatial_weight_0.3/prob1b_81.jpg>
Package pdftex.def Info: code/outputs/prob1b_spatial_weight_0.3/prob1b_81.jpg u
sed on input line 77.
(pdftex.def)             Requested size: 150.00844pt x 150.0pt.

<code/outputs/prob1b_spatial_weight_0.3/prob1b_100.jpg, id=27, 250.9375pt x 250
.9375pt>
File: code/outputs/prob1b_spatial_weight_0.3/prob1b_100.jpg Graphic file (type 
jpg)
 <use code/outputs/prob1b_spatial_weight_0.3/prob1b_100.jpg>
Package pdftex.def Info: code/outputs/prob1b_spatial_weight_0.3/prob1b_100.jpg 
used on input line 78.
(pdftex.def)             Requested size: 150.00844pt x 150.0pt.


LaTeX Warning: `!h' float specifier changed to `!ht'.

[2 <./code/outputs/prob1b_spatial_weight_0.7/prob1b_25.jpg> <./code/outputs/pro
b1b_spatial_weight_0.7/prob1b_49.jpg> <./code/outputs/prob1b_spatial_weight_0.7
/prob1b_64.jpg> <./code/outputs/prob1b_spatial_weight_0.7/prob1b_81.jpg> <./cod
e/outputs/prob1b_spatial_weight_0.7/prob1b_100.jpg>] [3 <./code/outputs/prob1b_
spatial_weight_1.0/prob1b_25.jpg> <./code/outputs/prob1b_spatial_weight_1.0/pro
b1b_49.jpg> <./code/outputs/prob1b_spatial_weight_1.0/prob1b_64.jpg> <./code/ou
tputs/prob1b_spatial_weight_1.0/prob1b_81.jpg> <./code/outputs/prob1b_spatial_w
eight_1.0/prob1b_100.jpg> <./code/outputs/prob1b_spatial_weight_0.3/prob1b_25.j
pg> <./code/outputs/prob1b_spatial_weight_0.3/prob1b_49.jpg> <./code/outputs/pr
ob1b_spatial_weight_0.3/prob1b_64.jpg> <./code/outputs/prob1b_spatial_weight_0.
3/prob1b_81.jpg> <./code/outputs/prob1b_spatial_weight_0.3/prob1b_100.jpg>]
<screenshots/prob2(a)50_0075_1024.png, id=34, 588.1975pt x 494.84875pt>
File: screenshots/prob2(a)50_0075_1024.png Graphic file (type png)

<use screenshots/prob2(a)50_0075_1024.png>
Package pdftex.def Info: screenshots/prob2(a)50_0075_1024.png used on input lin
e 87.
(pdftex.def)             Requested size: 297.15855pt x 250.0pt.

<screenshots/prob2(a)50-005-1024.png, id=36, 1152.305pt x 843.15pt>
File: screenshots/prob2(a)50-005-1024.png Graphic file (type png)

<use screenshots/prob2(a)50-005-1024.png>
Package pdftex.def Info: screenshots/prob2(a)50-005-1024.png used on input line
 92.
(pdftex.def)             Requested size: 341.66772pt x 250.0pt.

<screenshots/prob2(a)50-0001-1024.png, id=37, 554.07pt x 481.8pt>
File: screenshots/prob2(a)50-0001-1024.png Graphic file (type png)

<use screenshots/prob2(a)50-0001-1024.png>
Package pdftex.def Info: screenshots/prob2(a)50-0001-1024.png used on input lin
e 97.
(pdftex.def)             Requested size: 287.50089pt x 250.0pt.

<screenshots/prob2(a)25-0001-1024.png, id=38, 594.22pt x 531.9875pt>
File: screenshots/prob2(a)25-0001-1024.png Graphic file (type png)

<use screenshots/prob2(a)25-0001-1024.png>
Package pdftex.def Info: screenshots/prob2(a)25-0001-1024.png used on input lin
e 102.
(pdftex.def)             Requested size: 279.2381pt x 250.0pt.


LaTeX Warning: `!h' float specifier changed to `!ht'.


LaTeX Warning: `!h' float specifier changed to `!ht'.

[4

 <./screenshots/prob2(a)50_0075_1024.png> <./screenshots/prob2(a)50-005-1024.pn
g>] [5 <./screenshots/prob2(a)50-0001-1024.png> <./screenshots/prob2(a)25-0001-
1024.png>]
<screenshots/prob2(b)50-005-1024-1.png, id=50, 576.1525pt x 723.70375pt>
File: screenshots/prob2(b)50-005-1024-1.png Graphic file (type png)

<use screenshots/prob2(b)50-005-1024-1.png>
Package pdftex.def Info: screenshots/prob2(b)50-005-1024-1.png used on input li
ne 115.
(pdftex.def)             Requested size: 318.4497pt x 400.0pt.

<screenshots/prob2(b)50-005-1024-3.png, id=51, 549.05125pt x 701.62125pt>
File: screenshots/prob2(b)50-005-1024-3.png Graphic file (type png)

<use screenshots/prob2(b)50-005-1024-3.png>
Package pdftex.def Info: screenshots/prob2(b)50-005-1024-3.png used on input li
ne 121.
(pdftex.def)             Requested size: 313.02948pt x 400.0pt.


LaTeX Warning: `!h' float specifier changed to `!ht'.

[6 <./screenshots/prob2(b)50-005-1024-1.png>] [7 <./screenshots/prob2(b)50-005-
1024-3.png>] <screenshots/prob350-005-64.png, id=61, 628.3475pt x 458.71375pt>
File: screenshots/prob350-005-64.png Graphic file (type png)

<use screenshots/prob350-005-64.png>
Package pdftex.def Info: screenshots/prob350-005-64.png used on input line 129.

(pdftex.def)             Requested size: 273.96175pt x 200.0pt.

<screenshots/prob3-50-001.png, id=62, 582.175pt x 817.0525pt>
File: screenshots/prob3-50-001.png Graphic file (type png)

<use screenshots/prob3-50-001.png>
Package pdftex.def Info: screenshots/prob3-50-001.png used on input line 137.
(pdftex.def)             Requested size: 213.75797pt x 300.0pt.
 [8

 <./screenshots/prob350-005-64.png> <./screenshots/prob3-50-001.png>]
LaTeX Font Info:    Try loading font information for OMS+ptm on input line 146.


(/usr/local/texlive/2017/texmf-dist/tex/latex/psnfss/omsptm.fd
File: omsptm.fd 
)
LaTeX Font Info:    Font shape `OMS/ptm/m/n' in size <10> not available
(Font)              Font shape `OMS/cmsy/m/n' tried instead on input line 146.
 [9

]
(./solution.aux) ) 
Here is how much of TeX's memory you used:
 3098 strings out of 492995
 45378 string characters out of 6132704
 107870 words of memory out of 5000000
 6595 multiletter control sequences out of 15000+600000
 14829 words of font info for 24 fonts, out of 8000000 for 9000
 1141 hyphenation exceptions out of 8191
 39i,10n,43p,622b,233s stack positions out of 5000i,500n,10000p,200000b,80000s
{/usr/local/texlive/2017/texmf-dist/fonts/enc/dvips/base/8r.e
nc}</usr/local/texlive/2017/texmf-dist/fonts/type1/public/amsfonts/cm/cmmi10.pf
b></usr/local/texlive/2017/texmf-dist/fonts/type1/public/amsfonts/cm/cmr10.pfb>
</usr/local/texlive/2017/texmf-dist/fonts/type1/public/amsfonts/cm/cmsy10.pfb><
/usr/local/texlive/2017/texmf-dist/fonts/type1/urw/times/utmb8a.pfb></usr/local
/texlive/2017/texmf-dist/fonts/type1/urw/times/utmr8a.pfb>
Output written on solution.pdf (9 pages, 1834146 bytes).
PDF statistics:
 91 PDF objects out of 1000 (max. 8388607)
 39 compressed objects within 1 object stream
 0 named destinations out of 1000 (max. 500000)
 141 words of extra memory for PDF output out of 10000 (max. 10000000)

